<?xml version="1.0" encoding="UTF-8" ?>
<testsuite errors="0" failures="2" hostname="WillHall-MBPrd.roc.mn.charter.com" name="testCannotNavigateToTurnedOffArticle(Tests.DisableArticlesTests)" skipped="0" tests="1" time="1.448" timestamp="2020-06-15T15:19:14">
  <properties />
  <testcase classname="TrueUserTests.TrueUser.DescriptionAsTest" name="testCannotNavigateToTurnedOffArticle(Tests.DisableArticlesTests)" time="1.448">
    <error type="java.lang.NullPointerException">java.lang.NullPointerException
	at Tests.DisableArticlesTests.testCannotNavigateToTurnedOffArticle(DisableArticlesTests.java:1013)
	at TrueUserTests.TrueUser.Retry$1.evaluate(Retry.java:24)
	at TrueUserTests.TrueUser.RegressionSuiteRunner.main(RegressionSuiteRunner.java:158)
</error>
    <error message="invalid session id&#xa;  (Driver info: chromedriver=2.43.600229 (3fae4d0cda5334b4f533bede5a4787f7b832d052),platform=Mac OS X 10.14.6 x86_64) (WARNING: The server did not provide any stacktrace information)&#xa;Command duration or timeout: 0 milliseconds&#xa;Build info: version: &apos;3.10.0&apos;, revision: &apos;176b4a9&apos;, time: &apos;2018-03-02T19:11:12.151Z&apos;&#xa;System info: host: &apos;WillHall-MBPrd.roc.mn.charter.com&apos;, ip: &apos;2600:6c46:7800:954:59ac:d5fb:e9a6:82fb%en0&apos;, os.name: &apos;Mac OS X&apos;, os.arch: &apos;x86_64&apos;, os.version: &apos;10.14.6&apos;, java.version: &apos;1.8.0_181&apos;&#xa;Driver info: org.openqa.selenium.chrome.ChromeDriver&#xa;Capabilities {acceptInsecureCerts: false, acceptSslCerts: false, applicationCacheEnabled: false, browserConnectionEnabled: false, browserName: chrome, chrome: {chromedriverVersion: 2.43.600229 (3fae4d0cda5334..., userDataDir: /var/folders/3n/b5sknkcj0f3...}, cssSelectorsEnabled: true, databaseEnabled: false, goog:chromeOptions: {debuggerAddress: localhost:51677}, handlesAlerts: true, hasTouchScreen: false, javascriptEnabled: true, locationContextEnabled: true, mobileEmulationEnabled: false, nativeEvents: true, networkConnectionEnabled: false, pageLoadStrategy: normal, platform: MAC, platformName: MAC, rotatable: false, setWindowRect: true, takesHeapSnapshot: true, takesScreenshot: true, unexpectedAlertBehaviour: , unhandledPromptBehavior: , version: 83.0.4103.97, webStorageEnabled: true}&#xa;Session ID: 2c349e66fd565d2096b286d1a42f7473" type="org.openqa.selenium.NoSuchSessionException">org.openqa.selenium.NoSuchSessionException: invalid session id
  (Driver info: chromedriver=2.43.600229 (3fae4d0cda5334b4f533bede5a4787f7b832d052),platform=Mac OS X 10.14.6 x86_64) (WARNING: The server did not provide any stacktrace information)
Command duration or timeout: 0 milliseconds
Build info: version: &apos;3.10.0&apos;, revision: &apos;176b4a9&apos;, time: &apos;2018-03-02T19:11:12.151Z&apos;
System info: host: &apos;WillHall-MBPrd.roc.mn.charter.com&apos;, ip: &apos;2600:6c46:7800:954:59ac:d5fb:e9a6:82fb%en0&apos;, os.name: &apos;Mac OS X&apos;, os.arch: &apos;x86_64&apos;, os.version: &apos;10.14.6&apos;, java.version: &apos;1.8.0_181&apos;
Driver info: org.openqa.selenium.chrome.ChromeDriver
Capabilities {acceptInsecureCerts: false, acceptSslCerts: false, applicationCacheEnabled: false, browserConnectionEnabled: false, browserName: chrome, chrome: {chromedriverVersion: 2.43.600229 (3fae4d0cda5334..., userDataDir: /var/folders/3n/b5sknkcj0f3...}, cssSelectorsEnabled: true, databaseEnabled: false, goog:chromeOptions: {debuggerAddress: localhost:51677}, handlesAlerts: true, hasTouchScreen: false, javascriptEnabled: true, locationContextEnabled: true, mobileEmulationEnabled: false, nativeEvents: true, networkConnectionEnabled: false, pageLoadStrategy: normal, platform: MAC, platformName: MAC, rotatable: false, setWindowRect: true, takesHeapSnapshot: true, takesScreenshot: true, unexpectedAlertBehaviour: , unhandledPromptBehavior: , version: 83.0.4103.97, webStorageEnabled: true}
Session ID: 2c349e66fd565d2096b286d1a42f7473
	at java.lang.reflect.Constructor.newInstance(Constructor.java:423)
	at org.openqa.selenium.remote.ErrorHandler.createThrowable(ErrorHandler.java:214)
	at org.openqa.selenium.remote.ErrorHandler.throwIfResponseFailed(ErrorHandler.java:166)
	at org.openqa.selenium.remote.http.JsonHttpResponseCodec.reconstructValue(JsonHttpResponseCodec.java:40)
	at org.openqa.selenium.remote.http.AbstractHttpResponseCodec.decode(AbstractHttpResponseCodec.java:80)
	at org.openqa.selenium.remote.http.AbstractHttpResponseCodec.decode(AbstractHttpResponseCodec.java:44)
	at org.openqa.selenium.remote.HttpCommandExecutor.execute(HttpCommandExecutor.java:160)
	at org.openqa.selenium.remote.service.DriverCommandExecutor.execute(DriverCommandExecutor.java:83)
	at org.openqa.selenium.remote.RemoteWebDriver.execute(RemoteWebDriver.java:601)
	at org.openqa.selenium.remote.RemoteWebDriver.execute(RemoteWebDriver.java:658)
	at org.openqa.selenium.remote.RemoteWebDriver.close(RemoteWebDriver.java:487)
	at SharedClasses.BasePage.closeCurrentWindow(BasePage.java:61)
	at Tests.DisableArticlesTests$1.failed(DisableArticlesTests.java:153)
	at TrueUserTests.TrueUser.Retry$1.evaluate(Retry.java:24)
	at TrueUserTests.TrueUser.RegressionSuiteRunner.main(RegressionSuiteRunner.java:158)
</error>
  </testcase>
  <system-out><![CDATA[Starting test: testCannotNavigateToTurnedOffArticle
We set up the folder
The value for the webdriver isChromeDriver: chrome on MAC (2c349e66fd565d2096b286d1a42f7473)
We tried to make a screenshot at ./pgo-staging-sample-12555/testCannotNavigateToTurnedOffArticle(Tests.DisableArticlesTests)Teacher.png
There was a failure while trying to take a teacher screenshot for testCannotNavigateToTurnedOffArticle(Tests.DisableArticlesTests)We set up the folder
The value for the webdriver isChromeDriver: chrome on MAC (4f69edc9f76b92efc1e7aae755dcd493)
Screenshot should be taken for: testCannotNavigateToTurnedOffArticle(Tests.DisableArticlesTests)Student
testCannotNavigateToTurnedOffArticle(Tests.DisableArticlesTests) is restarting
We set up the folder
The value for the webdriver isChromeDriver: chrome on MAC (2c349e66fd565d2096b286d1a42f7473)
We tried to make a screenshot at ./pgo-staging-sample-12555/testCannotNavigateToTurnedOffArticle(Tests.DisableArticlesTests)Teacher.png
There was a failure while trying to take a teacher screenshot for testCannotNavigateToTurnedOffArticle(Tests.DisableArticlesTests)We set up the folder
The value for the webdriver isChromeDriver: chrome on MAC (4f69edc9f76b92efc1e7aae755dcd493)
Screenshot should be taken for: testCannotNavigateToTurnedOffArticle(Tests.DisableArticlesTests)Student
testCannotNavigateToTurnedOffArticle(Tests.DisableArticlesTests) is restarting
We set up the folder
The value for the webdriver isChromeDriver: chrome on MAC (2c349e66fd565d2096b286d1a42f7473)
We tried to make a screenshot at ./pgo-staging-sample-12555/testCannotNavigateToTurnedOffArticle(Tests.DisableArticlesTests)Teacher.png
There was a failure while trying to take a teacher screenshot for testCannotNavigateToTurnedOffArticle(Tests.DisableArticlesTests)We set up the folder
The value for the webdriver isChromeDriver: chrome on MAC (4f69edc9f76b92efc1e7aae755dcd493)
Screenshot should be taken for: testCannotNavigateToTurnedOffArticle(Tests.DisableArticlesTests)Student
testCannotNavigateToTurnedOffArticle(Tests.DisableArticlesTests) is restarting
 ====================================== Mon Jun 15 10:19:15 CDT 2020 === Execution of test case failed :testCannotNavigateToTurnedOffArticle
 ====================================== Mon Jun 15 10:19:15 CDT 2020 === Execution of test case failed :testCannotNavigateToTurnedOffArticle
 ====================================== Mon Jun 15 10:19:15 CDT 2020 === Finished execution of test case : testCannotNavigateToTurnedOffArticle
]]></system-out>
  <system-err><![CDATA[]]></system-err>
</testsuite>
